Not Found: /
Not Found: /favicon.ico
Not Found: /favicon.ico
Not Found: /
Not Found: /
Not Found: /
Not Found: /desktop
Not Found: /
Not Found: /
Not Found: /
Not Found: /
Not Found: /
Not Found: /
Not Found: /
Not Found: /favicon.ico
Not Found: /favicon.ico
Not Found: /desktop
Internal Server Error: /desktop
Traceback (most recent call last):
  File "/Users/grahambancroft/Sites/canonical/ubuntu-website/env/lib/python2.7/site-packages/django/core/handlers/base.py", line 139, in get_response
    response = response.render()
  File "/Users/grahambancroft/Sites/canonical/ubuntu-website/env/lib/python2.7/site-packages/django/template/response.py", line 105, in render
    self.content = self.rendered_content
  File "/Users/grahambancroft/Sites/canonical/ubuntu-website/env/lib/python2.7/site-packages/django/template/response.py", line 82, in rendered_content
    content = template.render(context)
  File "/Users/grahambancroft/Sites/canonical/ubuntu-website/env/lib/python2.7/site-packages/django/template/base.py", line 140, in render
    return self._render(context)
  File "/Users/grahambancroft/Sites/canonical/ubuntu-website/env/lib/python2.7/site-packages/django/template/base.py", line 134, in _render
    return self.nodelist.render(context)
  File "/Users/grahambancroft/Sites/canonical/ubuntu-website/env/lib/python2.7/site-packages/django/template/base.py", line 840, in render
    bit = self.render_node(node, context)
  File "/Users/grahambancroft/Sites/canonical/ubuntu-website/env/lib/python2.7/site-packages/django/template/base.py", line 854, in render_node
    return node.render(context)
  File "/Users/grahambancroft/Sites/canonical/ubuntu-website/env/lib/python2.7/site-packages/django/template/loader_tags.py", line 101, in render
    compiled_parent = self.get_parent(context)
  File "/Users/grahambancroft/Sites/canonical/ubuntu-website/env/lib/python2.7/site-packages/django/template/loader_tags.py", line 98, in get_parent
    return get_template(parent)
  File "/Users/grahambancroft/Sites/canonical/ubuntu-website/env/lib/python2.7/site-packages/django/template/loader.py", line 138, in get_template
    template, origin = find_template(template_name)
  File "/Users/grahambancroft/Sites/canonical/ubuntu-website/env/lib/python2.7/site-packages/django/template/loader.py", line 131, in find_template
    raise TemplateDoesNotExist(name)
TemplateDoesNotExist: ubuntu/desktop/base_desktop.html
Internal Server Error: /
Traceback (most recent call last):
  File "/Users/grahambancroft/Sites/canonical/ubuntu-website/env/lib/python2.7/site-packages/django/core/handlers/base.py", line 139, in get_response
    response = response.render()
  File "/Users/grahambancroft/Sites/canonical/ubuntu-website/env/lib/python2.7/site-packages/django/template/response.py", line 105, in render
    self.content = self.rendered_content
  File "/Users/grahambancroft/Sites/canonical/ubuntu-website/env/lib/python2.7/site-packages/django/template/response.py", line 82, in rendered_content
    content = template.render(context)
  File "/Users/grahambancroft/Sites/canonical/ubuntu-website/env/lib/python2.7/site-packages/django/template/base.py", line 140, in render
    return self._render(context)
  File "/Users/grahambancroft/Sites/canonical/ubuntu-website/env/lib/python2.7/site-packages/django/template/base.py", line 134, in _render
    return self.nodelist.render(context)
  File "/Users/grahambancroft/Sites/canonical/ubuntu-website/env/lib/python2.7/site-packages/django/template/base.py", line 840, in render
    bit = self.render_node(node, context)
  File "/Users/grahambancroft/Sites/canonical/ubuntu-website/env/lib/python2.7/site-packages/django/template/base.py", line 854, in render_node
    return node.render(context)
  File "/Users/grahambancroft/Sites/canonical/ubuntu-website/env/lib/python2.7/site-packages/django/template/loader_tags.py", line 101, in render
    compiled_parent = self.get_parent(context)
  File "/Users/grahambancroft/Sites/canonical/ubuntu-website/env/lib/python2.7/site-packages/django/template/loader_tags.py", line 98, in get_parent
    return get_template(parent)
  File "/Users/grahambancroft/Sites/canonical/ubuntu-website/env/lib/python2.7/site-packages/django/template/loader.py", line 138, in get_template
    template, origin = find_template(template_name)
  File "/Users/grahambancroft/Sites/canonical/ubuntu-website/env/lib/python2.7/site-packages/django/template/loader.py", line 131, in find_template
    raise TemplateDoesNotExist(name)
TemplateDoesNotExist: ubuntu/base_index.html
Internal Server Error: /
Traceback (most recent call last):
  File "/Users/grahambancroft/Sites/canonical/ubuntu-website/env/lib/python2.7/site-packages/django/core/handlers/base.py", line 139, in get_response
    response = response.render()
  File "/Users/grahambancroft/Sites/canonical/ubuntu-website/env/lib/python2.7/site-packages/django/template/response.py", line 105, in render
    self.content = self.rendered_content
  File "/Users/grahambancroft/Sites/canonical/ubuntu-website/env/lib/python2.7/site-packages/django/template/response.py", line 82, in rendered_content
    content = template.render(context)
  File "/Users/grahambancroft/Sites/canonical/ubuntu-website/env/lib/python2.7/site-packages/django/template/base.py", line 140, in render
    return self._render(context)
  File "/Users/grahambancroft/Sites/canonical/ubuntu-website/env/lib/python2.7/site-packages/django/template/base.py", line 134, in _render
    return self.nodelist.render(context)
  File "/Users/grahambancroft/Sites/canonical/ubuntu-website/env/lib/python2.7/site-packages/django/template/base.py", line 840, in render
    bit = self.render_node(node, context)
  File "/Users/grahambancroft/Sites/canonical/ubuntu-website/env/lib/python2.7/site-packages/django/template/base.py", line 854, in render_node
    return node.render(context)
  File "/Users/grahambancroft/Sites/canonical/ubuntu-website/env/lib/python2.7/site-packages/django/template/loader_tags.py", line 101, in render
    compiled_parent = self.get_parent(context)
  File "/Users/grahambancroft/Sites/canonical/ubuntu-website/env/lib/python2.7/site-packages/django/template/loader_tags.py", line 98, in get_parent
    return get_template(parent)
  File "/Users/grahambancroft/Sites/canonical/ubuntu-website/env/lib/python2.7/site-packages/django/template/loader.py", line 138, in get_template
    template, origin = find_template(template_name)
  File "/Users/grahambancroft/Sites/canonical/ubuntu-website/env/lib/python2.7/site-packages/django/template/loader.py", line 131, in find_template
    raise TemplateDoesNotExist(name)
TemplateDoesNotExist: ubuntu/base_index.html
Internal Server Error: /
Traceback (most recent call last):
  File "/Users/grahambancroft/Sites/canonical/ubuntu-website/env/lib/python2.7/site-packages/django/core/handlers/base.py", line 139, in get_response
    response = response.render()
  File "/Users/grahambancroft/Sites/canonical/ubuntu-website/env/lib/python2.7/site-packages/django/template/response.py", line 105, in render
    self.content = self.rendered_content
  File "/Users/grahambancroft/Sites/canonical/ubuntu-website/env/lib/python2.7/site-packages/django/template/response.py", line 82, in rendered_content
    content = template.render(context)
  File "/Users/grahambancroft/Sites/canonical/ubuntu-website/env/lib/python2.7/site-packages/django/template/base.py", line 140, in render
    return self._render(context)
  File "/Users/grahambancroft/Sites/canonical/ubuntu-website/env/lib/python2.7/site-packages/django/template/base.py", line 134, in _render
    return self.nodelist.render(context)
  File "/Users/grahambancroft/Sites/canonical/ubuntu-website/env/lib/python2.7/site-packages/django/template/base.py", line 840, in render
    bit = self.render_node(node, context)
  File "/Users/grahambancroft/Sites/canonical/ubuntu-website/env/lib/python2.7/site-packages/django/template/base.py", line 854, in render_node
    return node.render(context)
  File "/Users/grahambancroft/Sites/canonical/ubuntu-website/env/lib/python2.7/site-packages/django/template/loader_tags.py", line 101, in render
    compiled_parent = self.get_parent(context)
  File "/Users/grahambancroft/Sites/canonical/ubuntu-website/env/lib/python2.7/site-packages/django/template/loader_tags.py", line 98, in get_parent
    return get_template(parent)
  File "/Users/grahambancroft/Sites/canonical/ubuntu-website/env/lib/python2.7/site-packages/django/template/loader.py", line 138, in get_template
    template, origin = find_template(template_name)
  File "/Users/grahambancroft/Sites/canonical/ubuntu-website/env/lib/python2.7/site-packages/django/template/loader.py", line 131, in find_template
    raise TemplateDoesNotExist(name)
TemplateDoesNotExist: ubuntu/base_index.html
Internal Server Error: /
Traceback (most recent call last):
  File "/Users/grahambancroft/Sites/canonical/ubuntu-website/env/lib/python2.7/site-packages/django/core/handlers/base.py", line 139, in get_response
    response = response.render()
  File "/Users/grahambancroft/Sites/canonical/ubuntu-website/env/lib/python2.7/site-packages/django/template/response.py", line 105, in render
    self.content = self.rendered_content
  File "/Users/grahambancroft/Sites/canonical/ubuntu-website/env/lib/python2.7/site-packages/django/template/response.py", line 82, in rendered_content
    content = template.render(context)
  File "/Users/grahambancroft/Sites/canonical/ubuntu-website/env/lib/python2.7/site-packages/django/template/base.py", line 140, in render
    return self._render(context)
  File "/Users/grahambancroft/Sites/canonical/ubuntu-website/env/lib/python2.7/site-packages/django/template/base.py", line 134, in _render
    return self.nodelist.render(context)
  File "/Users/grahambancroft/Sites/canonical/ubuntu-website/env/lib/python2.7/site-packages/django/template/base.py", line 840, in render
    bit = self.render_node(node, context)
  File "/Users/grahambancroft/Sites/canonical/ubuntu-website/env/lib/python2.7/site-packages/django/template/base.py", line 854, in render_node
    return node.render(context)
  File "/Users/grahambancroft/Sites/canonical/ubuntu-website/env/lib/python2.7/site-packages/django/template/loader_tags.py", line 101, in render
    compiled_parent = self.get_parent(context)
  File "/Users/grahambancroft/Sites/canonical/ubuntu-website/env/lib/python2.7/site-packages/django/template/loader_tags.py", line 98, in get_parent
    return get_template(parent)
  File "/Users/grahambancroft/Sites/canonical/ubuntu-website/env/lib/python2.7/site-packages/django/template/loader.py", line 138, in get_template
    template, origin = find_template(template_name)
  File "/Users/grahambancroft/Sites/canonical/ubuntu-website/env/lib/python2.7/site-packages/django/template/loader.py", line 131, in find_template
    raise TemplateDoesNotExist(name)
TemplateDoesNotExist: ubuntu/base_index.html
Internal Server Error: /
Traceback (most recent call last):
  File "/Users/grahambancroft/Sites/canonical/ubuntu-website/env/lib/python2.7/site-packages/django/core/handlers/base.py", line 139, in get_response
    response = response.render()
  File "/Users/grahambancroft/Sites/canonical/ubuntu-website/env/lib/python2.7/site-packages/django/template/response.py", line 105, in render
    self.content = self.rendered_content
  File "/Users/grahambancroft/Sites/canonical/ubuntu-website/env/lib/python2.7/site-packages/django/template/response.py", line 82, in rendered_content
    content = template.render(context)
  File "/Users/grahambancroft/Sites/canonical/ubuntu-website/env/lib/python2.7/site-packages/django/template/base.py", line 140, in render
    return self._render(context)
  File "/Users/grahambancroft/Sites/canonical/ubuntu-website/env/lib/python2.7/site-packages/django/template/base.py", line 134, in _render
    return self.nodelist.render(context)
  File "/Users/grahambancroft/Sites/canonical/ubuntu-website/env/lib/python2.7/site-packages/django/template/base.py", line 840, in render
    bit = self.render_node(node, context)
  File "/Users/grahambancroft/Sites/canonical/ubuntu-website/env/lib/python2.7/site-packages/django/template/base.py", line 854, in render_node
    return node.render(context)
  File "/Users/grahambancroft/Sites/canonical/ubuntu-website/env/lib/python2.7/site-packages/django/template/loader_tags.py", line 101, in render
    compiled_parent = self.get_parent(context)
  File "/Users/grahambancroft/Sites/canonical/ubuntu-website/env/lib/python2.7/site-packages/django/template/loader_tags.py", line 98, in get_parent
    return get_template(parent)
  File "/Users/grahambancroft/Sites/canonical/ubuntu-website/env/lib/python2.7/site-packages/django/template/loader.py", line 138, in get_template
    template, origin = find_template(template_name)
  File "/Users/grahambancroft/Sites/canonical/ubuntu-website/env/lib/python2.7/site-packages/django/template/loader.py", line 131, in find_template
    raise TemplateDoesNotExist(name)
TemplateDoesNotExist: ubuntu/base_index.html
Internal Server Error: /
Traceback (most recent call last):
  File "/Users/grahambancroft/Sites/canonical/ubuntu-website/env/lib/python2.7/site-packages/django/core/handlers/base.py", line 139, in get_response
    response = response.render()
  File "/Users/grahambancroft/Sites/canonical/ubuntu-website/env/lib/python2.7/site-packages/django/template/response.py", line 105, in render
    self.content = self.rendered_content
  File "/Users/grahambancroft/Sites/canonical/ubuntu-website/env/lib/python2.7/site-packages/django/template/response.py", line 82, in rendered_content
    content = template.render(context)
  File "/Users/grahambancroft/Sites/canonical/ubuntu-website/env/lib/python2.7/site-packages/django/template/base.py", line 140, in render
    return self._render(context)
  File "/Users/grahambancroft/Sites/canonical/ubuntu-website/env/lib/python2.7/site-packages/django/template/base.py", line 134, in _render
    return self.nodelist.render(context)
  File "/Users/grahambancroft/Sites/canonical/ubuntu-website/env/lib/python2.7/site-packages/django/template/base.py", line 840, in render
    bit = self.render_node(node, context)
  File "/Users/grahambancroft/Sites/canonical/ubuntu-website/env/lib/python2.7/site-packages/django/template/base.py", line 854, in render_node
    return node.render(context)
  File "/Users/grahambancroft/Sites/canonical/ubuntu-website/env/lib/python2.7/site-packages/django/template/loader_tags.py", line 123, in render
    return compiled_parent._render(context)
  File "/Users/grahambancroft/Sites/canonical/ubuntu-website/env/lib/python2.7/site-packages/django/template/base.py", line 134, in _render
    return self.nodelist.render(context)
  File "/Users/grahambancroft/Sites/canonical/ubuntu-website/env/lib/python2.7/site-packages/django/template/base.py", line 840, in render
    bit = self.render_node(node, context)
  File "/Users/grahambancroft/Sites/canonical/ubuntu-website/env/lib/python2.7/site-packages/django/template/base.py", line 854, in render_node
    return node.render(context)
  File "/Users/grahambancroft/Sites/canonical/ubuntu-website/env/lib/python2.7/site-packages/django/template/loader_tags.py", line 101, in render
    compiled_parent = self.get_parent(context)
  File "/Users/grahambancroft/Sites/canonical/ubuntu-website/env/lib/python2.7/site-packages/django/template/loader_tags.py", line 98, in get_parent
    return get_template(parent)
  File "/Users/grahambancroft/Sites/canonical/ubuntu-website/env/lib/python2.7/site-packages/django/template/loader.py", line 138, in get_template
    template, origin = find_template(template_name)
  File "/Users/grahambancroft/Sites/canonical/ubuntu-website/env/lib/python2.7/site-packages/django/template/loader.py", line 131, in find_template
    raise TemplateDoesNotExist(name)
TemplateDoesNotExist: ubuntu/templates/base.html
Internal Server Error: /desktop
Traceback (most recent call last):
  File "/Users/grahambancroft/Sites/canonical/ubuntu-website/env/lib/python2.7/site-packages/django/core/handlers/base.py", line 139, in get_response
    response = response.render()
  File "/Users/grahambancroft/Sites/canonical/ubuntu-website/env/lib/python2.7/site-packages/django/template/response.py", line 105, in render
    self.content = self.rendered_content
  File "/Users/grahambancroft/Sites/canonical/ubuntu-website/env/lib/python2.7/site-packages/django/template/response.py", line 82, in rendered_content
    content = template.render(context)
  File "/Users/grahambancroft/Sites/canonical/ubuntu-website/env/lib/python2.7/site-packages/django/template/base.py", line 140, in render
    return self._render(context)
  File "/Users/grahambancroft/Sites/canonical/ubuntu-website/env/lib/python2.7/site-packages/django/template/base.py", line 134, in _render
    return self.nodelist.render(context)
  File "/Users/grahambancroft/Sites/canonical/ubuntu-website/env/lib/python2.7/site-packages/django/template/base.py", line 840, in render
    bit = self.render_node(node, context)
  File "/Users/grahambancroft/Sites/canonical/ubuntu-website/env/lib/python2.7/site-packages/django/template/base.py", line 854, in render_node
    return node.render(context)
  File "/Users/grahambancroft/Sites/canonical/ubuntu-website/env/lib/python2.7/site-packages/django/template/loader_tags.py", line 101, in render
    compiled_parent = self.get_parent(context)
  File "/Users/grahambancroft/Sites/canonical/ubuntu-website/env/lib/python2.7/site-packages/django/template/loader_tags.py", line 98, in get_parent
    return get_template(parent)
  File "/Users/grahambancroft/Sites/canonical/ubuntu-website/env/lib/python2.7/site-packages/django/template/loader.py", line 138, in get_template
    template, origin = find_template(template_name)
  File "/Users/grahambancroft/Sites/canonical/ubuntu-website/env/lib/python2.7/site-packages/django/template/loader.py", line 131, in find_template
    raise TemplateDoesNotExist(name)
TemplateDoesNotExist: ubuntu/desktop/base_desktop.html
Not Found: /favicon.ico
Not Found: /favicon.ico
